#
# There is insufficient memory for the Java Runtime Environment to continue.
# Native memory allocation (mmap) failed to map 534773760 bytes for Failed to commit area from 0x0000000603200000 to 0x0000000623000000 of length 534773760.
# Possible reasons:
#   The system is out of physical RAM or swap space
#   The process is running with CompressedOops enabled, and the Java Heap may be blocking the growth of the native heap
# Possible solutions:
#   Reduce memory load on the system
#   Increase physical memory or swap space
#   Check if swap backing store is full
#   Decrease Java heap size (-Xmx/-Xms)
#   Decrease number of Java threads
#   Decrease Java thread stack sizes (-Xss)
#   Set larger code cache with -XX:ReservedCodeCacheSize=
# This output file may be truncated or incomplete.
#
#  Out of Memory Error (t:/workspace/open/src/hotspot/os/windows/os_windows.cpp:3269), pid=9968, tid=35908
#
# JRE version:  (11.0.2+9) (build )
# Java VM: OpenJDK 64-Bit Server VM (11.0.2+9, mixed mode, aot, sharing, tiered, compressed oops, g1 gc, windows-amd64)
# No core dump will be written. Minidumps are not enabled by default on client versions of Windows
#

---------------  S U M M A R Y ------------

Command Line: -Dfile.encoding=Cp1252 view.MainView

Host: Intel(R) Core(TM) i7-8750H CPU @ 2.20GHz, 12 cores, 31G,  Windows 10 , 64 bit Build 19041 (10.0.19041.1645)
Time: Wed Apr 27 09:00:34 2022 Eastern Daylight Time elapsed time: 0 seconds (0d 0h 0m 0s)

---------------  T H R E A D  ---------------

Current thread (0x0000017bdf7a0800):  JavaThread "Unknown thread" [_thread_in_vm, id=35908, stack(0x0000000bc7400000,0x0000000bc7500000)]

Stack: [0x0000000bc7400000,0x0000000bc7500000]
Native frames: (J=compiled Java code, j=interpreted, Vv=VM code, C=native code)
V  [jvm.dll+0x63489a]
V  [jvm.dll+0x771f9f]
V  [jvm.dll+0x773648]
V  [jvm.dll+0x773d03]
V  [jvm.dll+0x25eba8]
V  [jvm.dll+0x631d3a]
V  [jvm.dll+0x626775]
V  [jvm.dll+0x313ffc]
V  [jvm.dll+0x313e82]
V  [jvm.dll+0x3196e6]
V  [jvm.dll+0x36579f]
V  [jvm.dll+0x3651c0]
V  [jvm.dll+0x2f0ff8]
V  [jvm.dll+0x2f2156]
V  [jvm.dll+0x74b4f7]
V  [jvm.dll+0x74cc3f]
V  [jvm.dll+0x372609]
V  [jvm.dll+0x731b69]
V  [jvm.dll+0x3e1bad]
V  [jvm.dll+0x3e3e81]
C  [javaw.exe+0x3617]
C  [javaw.exe+0x17a6c]
C  [KERNEL32.DLL+0x17034]
C  [ntdll.dll+0x52651]


---------------  P R O C E S S  ---------------

Threads class SMR info:
_java_thread_list=0x0000017bddcece40, length=0, elements={
}

Java Threads: ( => current thread )

Other Threads:
  0x0000017bdf7b7800 GCTaskThread "GC Thread#0" [stack: 0x0000000bc7500000,0x0000000bc7600000] [id=3420]
  0x0000017bdf83a000 ConcurrentGCThread "G1 Main Marker" [stack: 0x0000000bc7600000,0x0000000bc7700000] [id=8912]
  0x0000017bdf83e000 ConcurrentGCThread "G1 Conc#0" [stack: 0x0000000bc7700000,0x0000000bc7800000] [id=27208]

[error occurred during error reporting (printing all threads), id 0xc0000005, EXCEPTION_ACCESS_VIOLATION (0xc0000005) at pc=0x00007ff95885f5b7]

VM state:not at safepoint (not fully initialized)

VM Mutex/Monitor currently owned by a thread:  ([mutex/lock_event])
[0x0000017bdf79fe00] Heap_lock - owner thread: 0x0000017bdf7a0800

Heap address: 0x0000000603200000, size: 8142 MB, Compressed Oops mode: Non-zero based: 0x0000000603200000
Narrow klass base: 0x0000000000000000, Narrow klass shift: 0

GC Heap History (0 events):
No events

Deoptimization events (0 events):
No events

Classes redefined (0 events):
No events

Internal exceptions (0 events):
No events

Events (0 events):
No events


Dynamic libraries:
0x00007ff72a140000 - 0x00007ff72a185000 	C:\Program Files\Java\jdk-11.0.2\bin\javaw.exe
0x00007ff9cb470000 - 0x00007ff9cb665000 	C:\Windows\SYSTEM32\ntdll.dll
0x00007ff9caf60000 - 0x00007ff9cb01e000 	C:\Windows\System32\KERNEL32.DLL
0x00007ff9c8d60000 - 0x00007ff9c9028000 	C:\Windows\System32\KERNELBASE.dll
0x00007ff9cadc0000 - 0x00007ff9caf60000 	C:\Windows\System32\USER32.dll
0x00007ff9c92b0000 - 0x00007ff9c92d2000 	C:\Windows\System32\win32u.dll
0x00007ff9c9570000 - 0x00007ff9c959a000 	C:\Windows\System32\GDI32.dll
0x00007ff9c92e0000 - 0x00007ff9c93eb000 	C:\Windows\System32\gdi32full.dll
0x00007ff9c9210000 - 0x00007ff9c92ad000 	C:\Windows\System32\msvcp_win.dll
0x00007ff9c8b60000 - 0x00007ff9c8c60000 	C:\Windows\System32\ucrtbase.dll
0x00007ff9b6490000 - 0x00007ff9b672a000 	C:\Windows\WinSxS\amd64_microsoft.windows.common-controls_6595b64144ccf1df_6.0.19041.1110_none_60b5254171f9507e\COMCTL32.dll
0x00007ff9ca890000 - 0x00007ff9ca92e000 	C:\Windows\System32\msvcrt.dll
0x00007ff9cab80000 - 0x00007ff9cabb0000 	C:\Windows\System32\IMM32.DLL
0x00007ff9c24d0000 - 0x00007ff9c24e6000 	C:\Program Files\Java\jdk-11.0.2\bin\vcruntime140.dll
0x00007ff9a63d0000 - 0x00007ff9a647a000 	C:\Program Files\Java\jdk-11.0.2\bin\msvcp140.dll
0x00007ff958560000 - 0x00007ff959083000 	C:\Program Files\Java\jdk-11.0.2\bin\server\jvm.dll
0x00007ff9c9890000 - 0x00007ff9c993e000 	C:\Windows\System32\ADVAPI32.dll
0x00007ff9ca930000 - 0x00007ff9ca9cc000 	C:\Windows\System32\sechost.dll
0x00007ff9cabb0000 - 0x00007ff9cacd5000 	C:\Windows\System32\RPCRT4.dll
0x00007ff9c9940000 - 0x00007ff9c9948000 	C:\Windows\System32\PSAPI.DLL
0x00007ff9c2420000 - 0x00007ff9c2429000 	C:\Windows\SYSTEM32\WSOCK32.dll
0x00007ff9b62e0000 - 0x00007ff9b6307000 	C:\Windows\SYSTEM32\WINMM.dll
0x00007ff9c26d0000 - 0x00007ff9c26da000 	C:\Windows\SYSTEM32\VERSION.dll
0x00007ff9c94a0000 - 0x00007ff9c950b000 	C:\Windows\System32\WS2_32.dll
0x00007ff9c7460000 - 0x00007ff9c7472000 	C:\Windows\SYSTEM32\kernel.appcore.dll
0x00007ff9c1990000 - 0x00007ff9c19a1000 	C:\Program Files\Java\jdk-11.0.2\bin\verify.dll
0x00007ff9c6990000 - 0x00007ff9c6b74000 	C:\Windows\SYSTEM32\DBGHELP.DLL
0x00007ff9c0440000 - 0x00007ff9c046c000 	C:\Windows\SYSTEM32\dbgcore.DLL
0x00007ff9c8c60000 - 0x00007ff9c8ce2000 	C:\Windows\System32\bcryptPrimitives.dll
0x00007ff9c15d0000 - 0x00007ff9c15f8000 	C:\Program Files\Java\jdk-11.0.2\bin\java.dll
0x00007ff9c10c0000 - 0x00007ff9c10d6000 	C:\Program Files\Java\jdk-11.0.2\bin\zip.dll
0x00007ff9c2410000 - 0x00007ff9c241a000 	C:\Program Files\Java\jdk-11.0.2\bin\jimage.dll

dbghelp: loaded successfully - version: 4.0.5 - missing functions: none
symbol engine: initialized successfully - sym options: 0x614 - pdb path: .;C:\Program Files\Java\jdk-11.0.2\bin;C:\Windows\SYSTEM32;C:\Windows\WinSxS\amd64_microsoft.windows.common-controls_6595b64144ccf1df_6.0.19041.1110_none_60b5254171f9507e;C:\Program Files\Java\jdk-11.0.2\bin\server

VM Arguments:
jvm_args: -Dfile.encoding=Cp1252 
java_command: view.MainView
java_class_path (initial): D:\CS5004\AddressBookGit\AddressBook\bin;D:\CS5004\AddressBookGit\AddressBook\miglayout15-swing.jar;D:\CS5004\AddressBookGit\AddressBook\jgoodies-forms-1.8.0.jar;D:\CS5004\jdatepicker-2.0.3.jar
Launcher Type: SUN_STANDARD

[Global flags]
     intx CICompilerCount                          = 4                                         {product} {ergonomic}
     uint ConcGCThreads                            = 3                                         {product} {ergonomic}
     uint G1ConcRefinementThreads                  = 10                                        {product} {ergonomic}
   size_t G1HeapRegionSize                         = 2097152                                   {product} {ergonomic}
    uintx GCDrainStackTargetSize                   = 64                                        {product} {ergonomic}
   size_t InitialHeapSize                          = 534773760                                 {product} {ergonomic}
   size_t MarkStackSize                            = 4194304                                   {product} {ergonomic}
   size_t MaxHeapSize                              = 8537505792                                {product} {ergonomic}
   size_t MinHeapDeltaBytes                        = 2097152                                   {product} {ergonomic}
    uintx NonNMethodCodeHeapSize                   = 5835340                                {pd product} {ergonomic}
    uintx NonProfiledCodeHeapSize                  = 122911450                              {pd product} {ergonomic}
    uintx ProfiledCodeHeapSize                     = 122911450                              {pd product} {ergonomic}
    uintx ReservedCodeCacheSize                    = 251658240                              {pd product} {ergonomic}
     bool SegmentedCodeCache                       = true                                      {product} {ergonomic}
     bool UseCompressedClassPointers               = true                                 {lp64_product} {ergonomic}
     bool UseCompressedOops                        = true                                 {lp64_product} {ergonomic}
     bool UseG1GC                                  = true                                      {product} {ergonomic}
     bool UseLargePagesIndividualAllocation        = false                                  {pd product} {ergonomic}

Logging:
Log output configuration:
 #0: stdout all=warning uptime,level,tags
 #1: stderr all=off uptime,level,tags

Environment Variables:
JAVA_HOME=C:\Program Files\Java\jdk-17.0.2\bin
CLASSPATH=C:\Program Files\Java\jdk-17.0.2\bin
PATH=C:/Program Files/Java/jdk-11.0.2/bin/server;C:/Program Files/Java/jdk-11.0.2/bin;C:\Program Files\Common Files\Oracle\Java\javapath;C:\Program Files\nvim\bin;C:\ProgramData\chocolatey\bin;C:\Program Files\dotnet\;C:\Program Files\nodejs\;C:\Library\Developer\Toolchains\unknown-Asserts-development.xctoolchain\usr\bin;C:\Library\Swift-development\bin;C:\Library\icu-67\usr\bin;C:\Users\DucAnh2\scoop\apps\yarn\current\global\node_modules\.bin;C:\Users\DucAnh2\scoop\apps\yarn\current\bin;C:\Users\DucAnh2\scoop\shims;C:\Users\DucAnh2\AppData\Local\Programs\Python\Python310\Scripts\;C:\Users\DucAnh2\AppData\Local\Programs\Python\Python310\;C:\Users\DucAnh2\AppData\Local\Microsoft\WindowsApps;C:\Users\DucAnh2\AppData\Local\Programs\Microsoft VS Code\bin;C:\Program Files\MongoDB\Tools\100\bin;C:\Users\DucAnh2\AppData\Local\Programs\MiKTeX\miktex\bin\x64\;C:\Windows\system32;
USERNAME=DucAnh2
OS=Windows_NT
PROCESSOR_IDENTIFIER=Intel64 Family 6 Model 158 Stepping 10, GenuineIntel



---------------  S Y S T E M  ---------------

OS: Windows 10 , 64 bit Build 19041 (10.0.19041.1645)

CPU:total 12 (initial active 12) (6 cores per cpu, 2 threads per core) family 6 model 158 stepping 10, cmov, cx8, fxsr, mmx, sse, sse2, sse3, ssse3, sse4.1, sse4.2, popcnt, avx, avx2, aes, clmul, erms, 3dnowpref, lzcnt, ht, tsc, tscinvbit, bmi1, bmi2, adx, fma

Memory: 4k page, system-wide physical 32562M (17138M free)
TotalPageFile size 62974M (AvailPageFile size 214M)
current process WorkingSet (physical memory assigned to process): 10M, peak: 10M
current process commit charge ("private bytes"): 64M, peak: 574M

vm_info: OpenJDK 64-Bit Server VM (11.0.2+9) for windows-amd64 JRE (11.0.2+9), built on Jan 18 2019 05:23:22 by "mach5one" with MS VC++ 15.5 (VS2017)

END.
